<?xml version="1.0" encoding="UTF-8"?>
<!-- Generated by org.testng.reporters.JUnitReportReporter -->
<testsuite hostname="opex11-Inspiron-3542" name="com.pack.tests.LoginTest" tests="1" failures="0" timestamp="11 May 2016 13:32:09 GMT" time="61.982" errors="0">
  <testcase name="testLoginLogout" time="61.982" classname="com.pack.tests.LoginTest"/>
</testsuite> <!-- com.pack.tests.LoginTest -->
