<?xml version="1.0" encoding="UTF-8"?>
<!-- Generated by org.testng.reporters.JUnitReportReporter -->
<testsuite hostname="opex11-Inspiron-3542" name="com.pack.tests.BookSeatTest" tests="1" failures="0" timestamp="11 May 2016 13:32:09 GMT" time="90.430" errors="0">
  <testcase name="testBookSeat" time="90.430" classname="com.pack.tests.BookSeatTest"/>
</testsuite> <!-- com.pack.tests.BookSeatTest -->
